# JRE version: Java(TM) SE Runtime Environment (8.0_60-b27) (build 1.8.0_60-b27)
# Java VM: Java HotSpot(TM) 64-Bit Server VM (25.60-b23 mixed mode windows-amd64 compressed oops)
Heap:
 PSYoungGen      total 45056K, used 40768K [0x00000000f7780000, 0x00000000fab80000, 0x0000000100000000)
  eden space 38400K, 90% used [0x00000000f7780000,0x00000000f9950ca8,0x00000000f9d00000)
  from space 6656K, 92% used [0x00000000fa400000,0x00000000fa9ff6f8,0x00000000faa80000)
  to   space 7168K, 0% used [0x00000000f9d00000,0x00000000f9d00000,0x00000000fa400000)
 ParOldGen       total 114176K, used 83096K [0x00000000e6600000, 0x00000000ed580000, 0x00000000f7780000)
  object space 114176K, 72% used [0x00000000e6600000,0x00000000eb7263b0,0x00000000ed580000)
 Metaspace       used 84602K, capacity 92403K, committed 92760K, reserved 1130496K
  class space    used 9792K, capacity 12049K, committed 12160K, reserved 1048576K
GC Heap History (10 events):
Event: 8556.652 GC heap before
{Heap before GC invocations=443 (full 5):
 PSYoungGen      total 41984K, used 41279K [0x00000000f7780000, 0x00000000fa400000, 0x0000000100000000)
  eden space 38912K, 100% used [0x00000000f7780000,0x00000000f9d80000,0x00000000f9d80000)
  from space 3072K, 77% used [0x00000000f9d80000,0x00000000f9fcff88,0x00000000fa080000)
  to   space 3072K, 0% used [0x00000000fa100000,0x00000000fa100000,0x00000000fa400000)
 ParOldGen       total 114176K, used 74284K [0x00000000e6600000, 0x00000000ed580000, 0x00000000f7780000)
  object space 114176K, 65% used [0x00000000e6600000,0x00000000eae8b138,0x00000000ed580000)
 Metaspace       used 84590K, capacity 92403K, committed 92760K, reserved 1130496K
  class space    used 9792K, capacity 12049K, committed 12160K, reserved 1048576K
Event: 8556.661 GC heap after
Heap after GC invocations=443 (full 5):
 PSYoungGen      total 41472K, used 3063K [0x00000000f7780000, 0x00000000fa600000, 0x0000000100000000)
  eden space 38400K, 0% used [0x00000000f7780000,0x00000000f7780000,0x00000000f9d00000)
  from space 3072K, 99% used [0x00000000fa100000,0x00000000fa3fddd8,0x00000000fa400000)
  to   space 4096K, 0% used [0x00000000f9d00000,0x00000000f9d00000,0x00000000fa100000)
 ParOldGen       total 114176K, used 76617K [0x00000000e6600000, 0x00000000ed580000, 0x00000000f7780000)
  object space 114176K, 67% used [0x00000000e6600000,0x00000000eb0d2688,0x00000000ed580000)
 Metaspace       used 84590K, capacity 92403K, committed 92760K, reserved 1130496K
  class space    used 9792K, capacity 12049K, committed 12160K, reserved 1048576K
}
Event: 8570.096 GC heap before
{Heap before GC invocations=444 (full 5):
 PSYoungGen      total 41472K, used 41463K [0x00000000f7780000, 0x00000000fa600000, 0x0000000100000000)
  eden space 38400K, 100% used [0x00000000f7780000,0x00000000f9d00000,0x00000000f9d00000)
  from space 3072K, 99% used [0x00000000fa100000,0x00000000fa3fddd8,0x00000000fa400000)
  to   space 4096K, 0% used [0x00000000f9d00000,0x00000000f9d00000,0x00000000fa100000)
 ParOldGen       total 114176K, used 76617K [0x00000000e6600000, 0x00000000ed580000, 0x00000000f7780000)
  object space 114176K, 67% used [0x00000000e6600000,0x00000000eb0d2688,0x00000000ed580000)
 Metaspace       used 84593K, capacity 92403K, committed 92760K, reserved 1130496K
  class space    used 9792K, capacity 12049K, committed 12160K, reserved 1048576K
Event: 8570.106 GC heap after
Heap after GC invocations=444 (full 5):
 PSYoungGen      total 42496K, used 3630K [0x00000000f7780000, 0x00000000fa580000, 0x0000000100000000)
  eden space 38400K, 0% used [0x00000000f7780000,0x00000000f7780000,0x00000000f9d00000)
  from space 4096K, 88% used [0x00000000f9d00000,0x00000000fa08ba68,0x00000000fa100000)
  to   space 4096K, 0% used [0x00000000fa180000,0x00000000fa180000,0x00000000fa580000)
 ParOldGen       total 114176K, used 76641K [0x00000000e6600000, 0x00000000ed580000, 0x00000000f7780000)
  object space 114176K, 67% used [0x00000000e6600000,0x00000000eb0d8688,0x00000000ed580000)
 Metaspace       used 84593K, capacity 92403K, committed 92760K, reserved 1130496K
  class space    used 9792K, capacity 12049K, committed 12160K, reserved 1048576K
}
Event: 8574.402 GC heap before
{Heap before GC invocations=445 (full 5):
 PSYoungGen      total 42496K, used 42030K [0x00000000f7780000, 0x00000000fa580000, 0x0000000100000000)
  eden space 38400K, 100% used [0x00000000f7780000,0x00000000f9d00000,0x00000000f9d00000)
  from space 4096K, 88% used [0x00000000f9d00000,0x00000000fa08ba68,0x00000000fa100000)
  to   space 4096K, 0% used [0x00000000fa180000,0x00000000fa180000,0x00000000fa580000)
 ParOldGen       total 114176K, used 76641K [0x00000000e6600000, 0x00000000ed580000, 0x00000000f7780000)
  object space 114176K, 67% used [0x00000000e6600000,0x00000000eb0d8688,0x00000000ed580000)
 Metaspace       used 84594K, capacity 92403K, committed 92760K, reserved 1130496K
  class space    used 9792K, capacity 12049K, committed 12160K, reserved 1048576K
Event: 8574.411 GC heap after
Heap after GC invocations=445 (full 5):
 PSYoungGen      total 42496K, used 4074K [0x00000000f7780000, 0x00000000fa680000, 0x0000000100000000)
  eden space 38400K, 0% used [0x00000000f7780000,0x00000000f7780000,0x00000000f9d00000)
  from space 4096K, 99% used [0x00000000fa180000,0x00000000fa57abe8,0x00000000fa580000)
  to   space 4608K, 0% used [0x00000000f9d00000,0x00000000f9d00000,0x00000000fa180000)
 ParOldGen       total 114176K, used 77205K [0x00000000e6600000, 0x00000000ed580000, 0x00000000f7780000)
  object space 114176K, 67% used [0x00000000e6600000,0x00000000eb165698,0x00000000ed580000)
 Metaspace       used 84594K, capacity 92403K, committed 92760K, reserved 1130496K
  class space    used 9792K, capacity 12049K, committed 12160K, reserved 1048576K
}
Event: 8585.727 GC heap before
{Heap before GC invocations=446 (full 5):
 PSYoungGen      total 42496K, used 40734K [0x00000000f7780000, 0x00000000fa680000, 0x0000000100000000)
  eden space 38400K, 95% used [0x00000000f7780000,0x00000000f9b4cf98,0x00000000f9d00000)
  from space 4096K, 99% used [0x00000000fa180000,0x00000000fa57abe8,0x00000000fa580000)
  to   space 4608K, 0% used [0x00000000f9d00000,0x00000000f9d00000,0x00000000fa180000)
 ParOldGen       total 114176K, used 77205K [0x00000000e6600000, 0x00000000ed580000, 0x00000000f7780000)
  object space 114176K, 67% used [0x00000000e6600000,0x00000000eb165698,0x00000000ed580000)
 Metaspace       used 84594K, capacity 92403K, committed 92760K, reserved 1130496K
  class space    used 9792K, capacity 12049K, committed 12160K, reserved 1048576K
Event: 8585.746 GC heap after
Heap after GC invocations=446 (full 5):
 PSYoungGen      total 43008K, used 4607K [0x00000000f7780000, 0x00000000faa80000, 0x0000000100000000)
  eden space 38400K, 0% used [0x00000000f7780000,0x00000000f7780000,0x00000000f9d00000)
  from space 4608K, 99% used [0x00000000f9d00000,0x00000000fa17fe08,0x00000000fa180000)
  to   space 6656K, 0% used [0x00000000fa400000,0x00000000fa400000,0x00000000faa80000)
 ParOldGen       total 114176K, used 81016K [0x00000000e6600000, 0x00000000ed580000, 0x00000000f7780000)
  object space 114176K, 70% used [0x00000000e6600000,0x00000000eb51e3f0,0x00000000ed580000)
 Metaspace       used 84594K, capacity 92403K, committed 92760K, reserved 1130496K
  class space    used 9792K, capacity 12049K, committed 12160K, reserved 1048576K
}
Event: 8587.200 GC heap before
{Heap before GC invocations=447 (full 5):
 PSYoungGen      total 43008K, used 43007K [0x00000000f7780000, 0x00000000faa80000, 0x0000000100000000)
  eden space 38400K, 100% used [0x00000000f7780000,0x00000000f9d00000,0x00000000f9d00000)
  from space 4608K, 99% used [0x00000000f9d00000,0x00000000fa17fe08,0x00000000fa180000)
  to   space 6656K, 0% used [0x00000000fa400000,0x00000000fa400000,0x00000000faa80000)
 ParOldGen       total 114176K, used 81016K [0x00000000e6600000, 0x00000000ed580000, 0x00000000f7780000)
  object space 114176K, 70% used [0x00000000e6600000,0x00000000eb51e3f0,0x00000000ed580000)
 Metaspace       used 84602K, capacity 92403K, committed 92760K, reserved 1130496K
  class space    used 9792K, capacity 12049K, committed 12160K, reserved 1048576K
Event: 8587.209 GC heap after
Heap after GC invocations=447 (full 5):
 PSYoungGen      total 45056K, used 6141K [0x00000000f7780000, 0x00000000fab80000, 0x0000000100000000)
  eden space 38400K, 0% used [0x00000000f7780000,0x00000000f7780000,0x00000000f9d00000)
  from space 6656K, 92% used [0x00000000fa400000,0x00000000fa9ff6f8,0x00000000faa80000)
  to   space 7168K, 0% used [0x00000000f9d00000,0x00000000f9d00000,0x00000000fa400000)
 ParOldGen       total 114176K, used 83096K [0x00000000e6600000, 0x00000000ed580000, 0x00000000f7780000)
  object space 114176K, 72% used [0x00000000e6600000,0x00000000eb7263b0,0x00000000ed580000)
 Metaspace       used 84602K, capacity 92403K, committed 92760K, reserved 1130496K
  class space    used 9792K, capacity 12049K, committed 12160K, reserved 1048576K
}

